<?xml version="1.0" encoding="UTF-8"?>
<!-- Generated by org.testng.reporters.JUnitReportReporter -->
<testsuite hostname="DESKTOP-2LVTPIB" failures="0" tests="4" name="com.SalesForce.Tests.SDFCLoginTest" time="143.764" errors="0" timestamp="2022-02-10T09:14:55 CST" skipped="0">
  <testcase classname="com.SalesForce.Tests.SDFCLoginTest" name="TC1_invalidLogin" time="20.220"/>
  <system-out/>
  <testcase classname="com.SalesForce.Tests.SDFCLoginTest" name="TC3_checkRememberMe" time="69.601"/>
  <system-out/>
  <testcase classname="com.SalesForce.Tests.SDFCLoginTest" name="TC4_forgotPassword" time="23.278"/>
  <system-out/>
  <testcase classname="com.SalesForce.Tests.SDFCLoginTest" name="TC4B_forgotPassword" time="30.665"/>
  <system-out/>
</testsuite> <!-- com.SalesForce.Tests.SDFCLoginTest -->
