<?xml version="1.0" encoding="UTF-8"?>
<!-- Generated by org.testng.reporters.JUnitReportReporter -->
<testsuite hostname="DESKTOP-2LVTPIB" failures="0" tests="4" name="com.SalesForce.Tests.SDFCLogin.SDFCLoginTest" time="49.318" errors="0" timestamp="2022-02-08T00:12:40 CST" skipped="0">
  <testcase classname="com.SalesForce.Tests.SDFCLogin.SDFCLoginTest" name="TC1_invalidLogin" time="8.919"/>
  <system-out/>
  <testcase classname="com.SalesForce.Tests.SDFCLogin.SDFCLoginTest" name="TC3_checkRememberMe" time="18.187"/>
  <system-out/>
  <testcase classname="com.SalesForce.Tests.SDFCLogin.SDFCLoginTest" name="TC4_forgotPassword" time="9.048"/>
  <system-out/>
  <testcase classname="com.SalesForce.Tests.SDFCLogin.SDFCLoginTest" name="TC4B_forgotPassword" time="13.164"/>
  <system-out/>
</testsuite> <!-- com.SalesForce.Tests.SDFCLogin.SDFCLoginTest -->
