<?xml version="1.0" encoding="UTF-8"?>
<!-- Generated by org.testng.reporters.JUnitReportReporter -->
<testsuite hostname="DESKTOP-2LVTPIB" failures="0" tests="5" name="com.SalesForce.Tests.RandomTest" time="54.553" errors="0" timestamp="2022-02-10T02:36:44 CST" skipped="4">
  <testcase classname="com.SalesForce.Tests.RandomTest" name="T37_BlockEventWeeklyOccurance" time="54.553"/>
  <system-out/>
  <testcase classname="com.SalesForce.Tests.RandomTest" name="TC33_HomeFirstLastName">
    <skipped/>
  </testcase> <!-- TC33_HomeFirstLastName -->
  <system-out/>
  <testcase classname="com.SalesForce.Tests.RandomTest" name="TC35_allTabs">
    <skipped/>
  </testcase> <!-- TC35_allTabs -->
  <system-out/>
  <testcase classname="com.SalesForce.Tests.RandomTest" name="TC34_EditLastName">
    <skipped/>
  </testcase> <!-- TC34_EditLastName -->
  <system-out/>
  <testcase classname="com.SalesForce.Tests.RandomTest" name="T36_BlockEvent">
    <skipped/>
  </testcase> <!-- T36_BlockEvent -->
  <system-out/>
</testsuite> <!-- com.SalesForce.Tests.RandomTest -->
