<?xml version="1.0" encoding="UTF-8"?>
<!-- Generated by org.testng.reporters.JUnitReportReporter -->
<testsuite hostname="DESKTOP-2LVTPIB" failures="0" tests="8" name="com.SalesForce.Tests.ContactsTest" time="28.804" errors="0" timestamp="2022-02-10T01:58:16 CST" skipped="7">
  <testcase classname="com.SalesForce.Tests.ContactsTest" name="TC32_CreateNewContactsSaveNew" time="28.804"/>
  <system-out/>
  <testcase classname="com.SalesForce.Tests.ContactsTest" name="TC25_CreateNewContacts">
    <skipped/>
  </testcase> <!-- TC25_CreateNewContacts -->
  <system-out/>
  <testcase classname="com.SalesForce.Tests.ContactsTest" name="TC27_RecentlyCreatedContacts">
    <skipped/>
  </testcase> <!-- TC27_RecentlyCreatedContacts -->
  <system-out/>
  <testcase classname="com.SalesForce.Tests.ContactsTest" name="TC26_CreateNewView">
    <skipped/>
  </testcase> <!-- TC26_CreateNewView -->
  <system-out/>
  <testcase classname="com.SalesForce.Tests.ContactsTest" name="TC30_CreateNewView_ErrorMessage">
    <skipped/>
  </testcase> <!-- TC30_CreateNewView_ErrorMessage -->
  <system-out/>
  <testcase classname="com.SalesForce.Tests.ContactsTest" name="TC31_CreateNewViewCancel">
    <skipped/>
  </testcase> <!-- TC31_CreateNewViewCancel -->
  <system-out/>
  <testcase classname="com.SalesForce.Tests.ContactsTest" name="TC29_ViewContacts">
    <skipped/>
  </testcase> <!-- TC29_ViewContacts -->
  <system-out/>
  <testcase classname="com.SalesForce.Tests.ContactsTest" name="TC28_MyContactsView">
    <skipped/>
  </testcase> <!-- TC28_MyContactsView -->
  <system-out/>
</testsuite> <!-- com.SalesForce.Tests.ContactsTest -->
