<?xml version="1.0" encoding="UTF-8"?>
<!-- Generated by org.testng.reporters.JUnitReportReporter -->
<testsuite hostname="DESKTOP-2LVTPIB" failures="0" tests="5" name="com.SalesForce.Tests.UserMenuDropDownTest" time="57.629" errors="0" timestamp="2022-02-09T20:56:50 CST" skipped="4">
  <testcase classname="com.SalesForce.Tests.UserMenuDropDownTest" name="TC9_logOut" time="57.629"/>
  <system-out/>
  <testcase classname="com.SalesForce.Tests.UserMenuDropDownTest" name="TC5_userMenuDropdown">
    <skipped/>
  </testcase> <!-- TC5_userMenuDropdown -->
  <system-out/>
  <testcase classname="com.SalesForce.Tests.UserMenuDropDownTest" name="TC6_myProfileOption">
    <skipped/>
  </testcase> <!-- TC6_myProfileOption -->
  <system-out/>
  <testcase classname="com.SalesForce.Tests.UserMenuDropDownTest" name="TC7_mySettingOption">
    <skipped/>
  </testcase> <!-- TC7_mySettingOption -->
  <system-out/>
  <testcase classname="com.SalesForce.Tests.UserMenuDropDownTest" name="TC8_developerConsole">
    <skipped/>
  </testcase> <!-- TC8_developerConsole -->
  <system-out/>
</testsuite> <!-- com.SalesForce.Tests.UserMenuDropDownTest -->
