<?xml version="1.0" encoding="UTF-8"?>
<!-- Generated by org.testng.reporters.JUnitReportReporter -->
<testsuite hostname="DESKTOP-2LVTPIB" failures="0" tests="5" name="com.SalesForce.Tests.LeadsTest" time="28.462" errors="0" timestamp="2022-02-10T01:04:07 CST" skipped="4">
  <testcase classname="com.SalesForce.Tests.LeadsTest" name="TC24_TodayLeadsWork" time="28.462"/>
  <system-out/>
  <testcase classname="com.SalesForce.Tests.LeadsTest" name="TC22_LeadsDefaultView">
    <skipped/>
  </testcase> <!-- TC22_LeadsDefaultView -->
  <system-out/>
  <testcase classname="com.SalesForce.Tests.LeadsTest" name="TC20_LeadsTab">
    <skipped/>
  </testcase> <!-- TC20_LeadsTab -->
  <system-out/>
  <testcase classname="com.SalesForce.Tests.LeadsTest" name="TC23_TodayLeadsWork">
    <skipped/>
  </testcase> <!-- TC23_TodayLeadsWork -->
  <system-out/>
  <testcase classname="com.SalesForce.Tests.LeadsTest" name="TC21_LeadsDropdown">
    <skipped/>
  </testcase> <!-- TC21_LeadsDropdown -->
  <system-out/>
</testsuite> <!-- com.SalesForce.Tests.LeadsTest -->
