<?xml version="1.0" encoding="UTF-8"?>
<!-- Generated by org.testng.reporters.JUnitReportReporter -->
<testsuite hostname="DESKTOP-2LVTPIB" failures="0" tests="5" name="com.SalesForce.Tests.CreateAccountsTest" time="52.603" errors="0" timestamp="2022-02-10T00:10:08 CST" skipped="4">
  <testcase classname="com.SalesForce.Tests.CreateAccountsTest" name="T14_CreateAccountReport" time="52.603"/>
  <system-out/>
  <testcase classname="com.SalesForce.Tests.CreateAccountsTest" name="TC11_CreateNewView">
    <skipped/>
  </testcase> <!-- TC11_CreateNewView -->
  <system-out/>
  <testcase classname="com.SalesForce.Tests.CreateAccountsTest" name="T13_MergeAccounts">
    <skipped/>
  </testcase> <!-- T13_MergeAccounts -->
  <system-out/>
  <testcase classname="com.SalesForce.Tests.CreateAccountsTest" name="T12_EditView">
    <skipped/>
  </testcase> <!-- T12_EditView -->
  <system-out/>
  <testcase classname="com.SalesForce.Tests.CreateAccountsTest" name="TC10_CreateAccount">
    <skipped/>
  </testcase> <!-- TC10_CreateAccount -->
  <system-out/>
</testsuite> <!-- com.SalesForce.Tests.CreateAccountsTest -->
