<?xml version="1.0" encoding="UTF-8"?>
<!-- Generated by org.testng.reporters.JUnitReportReporter -->
<testsuite hostname="DESKTOP-2LVTPIB" failures="0" tests="1" name="com.SalesForce.Test.AutomationScript" time="9.101" errors="0" timestamp="2022-01-29T08:51:55 CST" skipped="0">
  <testcase classname="com.SalesForce.Test.AutomationScript" name="TC1_LoginErrorMessage" time="9.101"/>
  <system-out/>
</testsuite> <!-- com.SalesForce.Test.AutomationScript -->
